Step: build-step-credential-initializer:

{"level":"warn","ts":1553092729.698754,"logger":"fallback-logger","caller":"logging/config.go:65","msg":"Fetch GitHub commit ID from kodata failed: \"ref: refs/heads/test\" is not a valid GitHub commit ID"}
{"level":"info","ts":1553092729.7112625,"logger":"fallback-logger","caller":"creds-init/main.go:40","msg":"Credentials initialized."}
Step: build-step-git-source-0:

{"level":"warn","ts":1553092731.285806,"logger":"fallback-logger","caller":"logging/config.go:65","msg":"Fetch GitHub commit ID from kodata failed: \"ref: refs/heads/test\" is not a valid GitHub commit ID"}
{"level":"info","ts":1553092731.5470734,"logger":"fallback-logger","caller":"git-init/main.go:92","msg":"Successfully cloned \"https://github.com/vfarcic/jx-go.git\" @ \"master\" in path \"/workspace\""}
Step: build-step-jenkins:

Picked up _JAVA_OPTIONS: -Xmx400m
Started
Running in Durability level: PERFORMANCE_OPTIMIZED
  20.758 [id=26]	WARNING	i.f.k.c.i.VersionUsageUtils#alert: The client is using resource type 'customresourcedefinitions' with unstable version 'v1beta1'
[Pipeline] Start of Pipeline
[Pipeline] node
Running on Jenkins in /tmp/jenkinsTests.tmp/jenkins5640848711143568990test/workspace/job
[Pipeline] {
[Pipeline] stage
[Pipeline] { (Declarative: Checkout SCM)
[Pipeline] checkout
[Pipeline] }
[Pipeline] // stage
[Pipeline] withCredentials
[Pipeline] {
[Pipeline] withEnv
[Pipeline] {
[Pipeline] stage
[Pipeline] { (CI Build and push snapshot)
Stage "CI Build and push snapshot" skipped due to when conditional
[Pipeline] }
[Pipeline] // stage
[Pipeline] stage
[Pipeline] { (Build Release)
[Pipeline] dir
Running in /home/jenkins/go/src/github.com/vfarcic/jx-go
[Pipeline] {
[Pipeline] git
Cloning the remote Git repository
Cloning repository https://github.com/vfarcic/jx-go.git
 > git init /home/jenkins/go/src/github.com/vfarcic/jx-go # timeout=10
Fetching upstream changes from https://github.com/vfarcic/jx-go.git
 > git --version # timeout=10
 > git fetch --tags --progress https://github.com/vfarcic/jx-go.git +refs/heads/*:refs/remotes/origin/*
 > git config remote.origin.url https://github.com/vfarcic/jx-go.git # timeout=10
 > git config --add remote.origin.fetch +refs/heads/*:refs/remotes/origin/* # timeout=10
 > git config remote.origin.url https://github.com/vfarcic/jx-go.git # timeout=10
Fetching upstream changes from https://github.com/vfarcic/jx-go.git
 > git fetch --tags --progress https://github.com/vfarcic/jx-go.git +refs/heads/*:refs/remotes/origin/*
 > git rev-parse refs/remotes/origin/master^{commit} # timeout=10
 > git rev-parse refs/remotes/origin/origin/master^{commit} # timeout=10
Checking out Revision 91a0af9906576e3a611f60c1754630dae0e1e9da (refs/remotes/origin/master)
 > git config core.sparsecheckout # timeout=10
 > git checkout -f 91a0af9906576e3a611f60c1754630dae0e1e9da
 > git branch -a -v --no-abbrev # timeout=10
 > git checkout -b master 91a0af9906576e3a611f60c1754630dae0e1e9da
Commit message: "Draft create"
First time build. Skipping changelog.
[Pipeline] sh
+ jx-release-version
+ echo 0.0.1
[Pipeline] sh
+ cat VERSION
+ jx step tag --version 0.0.1
Tag v0.0.1 created and pushed to remote origin
[Pipeline] sh
+ make build
CGO_ENABLED=0 GO15VENDOREXPERIMENT=1 go build -ldflags '' -o bin/jx-go main.go
[Pipeline] sh
+ cat VERSION
+ export VERSION=0.0.1
+ skaffold build -f skaffold.yaml
time="2019-03-20T14:41:33Z" level=warning msg="config version (skaffold/v1beta2) out of date: upgrading to latest (skaffold/v1beta6)"
Generating Tag for [changeme]...
Starting build...
Building [changeme]...
Sending build context to Docker daemon  525.8kBSending build context to Docker daemon  6.502MB
Step 1/4 : FROM scratch
 ---> 
Step 2/4 : EXPOSE 8080
 ---> Running in 90b027892cd7
 ---> e0bef9ef5051
Step 3/4 : ENTRYPOINT /jx-go
 ---> Running in a8055a9be188
 ---> 923bbbcdb5e6
Step 4/4 : COPY ./bin/ /
 ---> 37c73521d4dd
Successfully built 37c73521d4dd
The push refers to a repository [10.31.252.100:5000/vfarcic/jx-go]
47094b670a9d: Preparing
47094b670a9d: Pushed
0.0.1: digest: sha256:c6ca59a01f6280fb24e1b5257ba3ebce5482066c3238d859ab17694fc18f1ef5 size: 528
Build complete in 1.615786714s
Starting test...
Test complete in 7.839µs
changeme -> 10.31.252.100:5000/vfarcic/jx-go:0.0.1@sha256:c6ca59a01f6280fb24e1b5257ba3ebce5482066c3238d859ab17694fc18f1ef5
There is a new version (0.25.0) of Skaffold available. Download it at https://storage.googleapis.com/skaffold/releases/latest/skaffold-linux-amd64

[Pipeline] sh
+ cat VERSION
+ jx step post build --image 10.31.252.100:5000/vfarcic/jx-go:0.0.1
[Pipeline] }
[Pipeline] // dir
[Pipeline] }
[Pipeline] // stage
[Pipeline] stage
[Pipeline] { (Promote to Environments)
[Pipeline] dir
Running in /home/jenkins/go/src/github.com/vfarcic/jx-go/charts/jx-go
[Pipeline] {
[Pipeline] sh
+ cat ../../VERSION
+ jx step changelog --version v0.0.1
Using batch mode as inside a pipeline
Generating change log from git ref 91a0af9906576e3a611f60c1754630dae0e1e9da => 6212b157c60fa1219274a1501eec53472571a260
Failed to enrich commits with issues: User.jenkins.io "" is invalid: metadata.name: Required value: name or generateName is required
Failed to enrich commits with issues: User.jenkins.io "" is invalid: metadata.name: Required value: name or generateName is required
Finding issues in commit messages using git format
No release found for vfarcic/jx-go and tag v0.0.1 so creating a new release
Updated the release information at https://github.com/vfarcic/jx-go/releases/tag/v0.0.1
generated: /home/jenkins/go/src/github.com/vfarcic/jx-go/charts/jx-go/templates/release.yaml
Created Release jx-go-0-0-1 resource in namespace jx
Updating PipelineActivity vfarcic-jx-go-master-1 with version 0.0.1
Updated PipelineActivities vfarcic-jx-go-master-1 with release notes URL: https://github.com/vfarcic/jx-go/releases/tag/v0.0.1
[Pipeline] sh
+ jx step helm release
No $CHART_REPOSITORY defined so using the default value of: http://jenkins-x-chartmuseum:8080
Adding missing Helm repo: jenkins-x http://chartmuseum.jenkins-x.io
Successfully added Helm repository jenkins-x.
Adding missing Helm repo: releases http://jenkins-x-chartmuseum:8080
Successfully added Helm repository releases.
No $CHART_REPOSITORY defined so using the default value of: http://jenkins-x-chartmuseum:8080
Uploading chart file jx-go-0.0.1.tgz to http://jenkins-x-chartmuseum:8080/api/charts
Received 201 response: {"saved":true}
[Pipeline] sh
+ cat ../../VERSION
+ jx promote -b --all-auto --timeout 1h --version 0.0.1
prow based install so skip waiting for the merge of Pull Requests to go green as currently there is an issue with gettingstatuses from the PR, see https://github.com/jenkins-x/jx/issues/2410
Promoting app jx-go version 0.0.1 to namespace jx-staging
Created Pull Request: https://github.com/vfarcic/environment-jx-rocks-staging/pull/1

Pull Request https://github.com/vfarcic/environment-jx-rocks-staging/pull/1 is merged at sha 5ad66a8bfbdd83ec5f34ac0392b2bf6e22c49452
Pull Request merged but we are not waiting for the update pipeline to complete!
Could not find the service URL in namespace jx-staging for names jx-go, jx-jx-go, jx-staging-jx-go
[Pipeline] }
[Pipeline] // dir
[Pipeline] }
[Pipeline] // stage
[Pipeline] }
[Pipeline] // withEnv
[Pipeline] }
[Pipeline] // withCredentials
[Pipeline] }
[Pipeline] // node
[Pipeline] End of Pipeline
Finished: SUCCESS
